<?xml version="1.0" encoding="UTF-8"?>
<testng-results ignored="0" total="1" passed="1" failed="0" skipped="0">
  <reporter-output>
  </reporter-output>
  <suite started-at="2023-11-21T11:18:55 IST" name="Default suite" finished-at="2023-11-21T11:19:01 IST" duration-ms="6003">
    <groups>
    </groups>
    <test started-at="2023-11-21T11:18:55 IST" name="Default test" finished-at="2023-11-21T11:19:01 IST" duration-ms="6003">
      <class name="Learning_Java.Check1">
        <test-method signature="main()[pri:0, instance:Learning_Java.Check1@55536d9e]" started-at="2023-11-21T11:18:55 IST" name="main" finished-at="2023-11-21T11:19:01 IST" duration-ms="5966" status="PASS">
          <reporter-output>
          </reporter-output>
        </test-method> <!-- main -->
      </class> <!-- Learning_Java.Check1 -->
    </test> <!-- Default test -->
  </suite> <!-- Default suite -->
</testng-results>
